make all --print-data-base --no-builtin-variables --no-builtin-rules --question
make: *** No rule to make target 'all'.  Stop.
 
# GNU Make 4.3
# Built for x86_64-pc-linux-gnu
# Copyright (C) 1988-2020 Free Software Foundation, Inc.
# License GPLv3+: GNU GPL version 3 or later <http://gnu.org/licenses/gpl.html>
# This is free software: you are free to change and redistribute it.
# There is NO WARRANTY, to the extent permitted by law.

# Make data base, printed on Wed Feb  2 18:41:23 2022

# Variables

# environment
GDK_BACKEND = x11
# environment
LC_ALL = C
# environment
NO_AT_BRIDGE = 1
# environment
I3SOCK = /run/user/1003/i3/ipc-socket.3908
# environment
VSCODE_IPC_HOOK_EXTHOST = /run/user/1003/vscode-ipc-b848007a-40f0-4598-841a-9781601b95d1.sock
# environment
VSCODE_CWD = /home/kamil2
# default
MAKE_COMMAND := make
# automatic
@D = $(patsubst %/,%,$(dir $@))
# environment
VSCODE_HANDLES_UNCAUGHT_ERRORS = true
# default
.VARIABLES := 
# environment
PWD = /home/kamil2/Projects/Vision/Backend
# automatic
%D = $(patsubst %/,%,$(dir $%))
# environment
MAIL = /var/spool/mail/kamil2
# environment
OLDPWD = /home/kamil2
# automatic
^D = $(patsubst %/,%,$(dir $^))
# environment
VSCODE_LOG_STACK = false
# automatic
%F = $(notdir $%)
# environment
VSCODE_CODE_CACHE_PATH = /home/kamil2/.config/Code - OSS/CachedData/899d46d82c4c95423fb7e10e68eba52050e30ba3
# environment
XDG_SESSION_PATH = /org/freedesktop/DisplayManager/Session1
# environment
LANG = C
# environment
XAUTHORITY = /home/kamil2/.Xauthority
# default
.LOADED := 
# default
.INCLUDE_DIRS = /usr/include /usr/local/include /usr/include
# makefile
MAKEFLAGS = pqrR
# makefile
CURDIR := /home/kamil2/Projects/Vision/Backend
# makefile (from 'Makefile', line 13)
DEPENDS = ${OBJECTS:.o=.d} main.d
# environment
VSCODE_PIPE_LOGGING = true
# environment
APPLICATION_INSIGHTS_NO_DIAGNOSTIC_CHANNEL = true
# automatic
*D = $(patsubst %/,%,$(dir $*))
# environment
MFLAGS = -pqrR
# default
.SHELLFLAGS := -c
# automatic
+D = $(patsubst %/,%,$(dir $+))
# environment
XDG_SESSION_DESKTOP = i3
# environment
VSCODE_CRASH_REPORTER_START_OPTIONS = {"companyName":"Microsoft","productName":"Code - OSS","submitURL":"","uploadToServer":false}
# makefile (from 'main.d', line 1)
MAKEFILE_LIST := Makefile ExecutionQueue.d Image.d main.d HttpServer/HttpListener.d HttpServer/HttpProcessor.d HttpServer/HttpSession.d Scanner/OptionValue.d Scanner/Scanner.d Scanner/ScannerManager.d Scanner/ScannerOption.d main.d
# automatic
@F = $(notdir $@)
# environment
VSCODE_VERBOSE_LOGGING = true
# environment
VSCODE_PID = 71385
# environment
XDG_SESSION_TYPE = x11
# automatic
?D = $(patsubst %/,%,$(dir $?))
# automatic
*F = $(notdir $*)
# environment
CHROME_DESKTOP = code-oss.desktop
# environment
DBUS_SESSION_BUS_ADDRESS = unix:path=/run/user/1003/bus
# automatic
<D = $(patsubst %/,%,$(dir $<))
# environment
VSCODE_NLS_CONFIG = {"locale":"en-us","availableLanguages":{},"_languagePackSupport":true}
# environment
BREAKPAD_DUMP_LOCATION = /home/kamil2/.config/Code - OSS/exthost Crash Reports
# default
MAKE_HOST := x86_64-pc-linux-gnu
# makefile
SHELL = /bin/sh
# default
MAKECMDGOALS := all
# environment
DOTNET_BUNDLE_EXTRACT_BASE_DIR = /home/kamil2/.cache/dotnet_bundle_extract
# environment
SHLVL = 0
# environment
MAKELEVEL := 0
# default
MAKE = $(MAKE_COMMAND)
# environment
PATH = /usr/local/sbin:/usr/local/bin:/usr/bin:/home/kamil2/.dotnet/tools:/usr/lib/jvm/default/bin:/usr/bin/site_perl:/usr/bin/vendor_perl:/usr/bin/core_perl:/usr/local/go/bin
# default
MAKEFILES := 
# environment
MOTD_SHOWN = pam
# automatic
^F = $(notdir $^)
# makefile (from 'Makefile', line 4)
IDIRS = -I/home/kamil2/Libraries/uWebSockets/src -I/home/kamil2/Libraries/uSockets/src -I/home/kamil2/Libraries/backends/include -I/home/kamil2/Libraries/json/include -I/home/kamil2/Libraries/ImageMagick -I/home/kamil2/Libraries/ImageMagick/Magick++/lib
# environment
VSCODE_LOG_NATIVE = false
# automatic
?F = $(notdir $?)
# environment
XDG_SEAT = seat0
# environment
XDG_CURRENT_DESKTOP = i3
# automatic
+F = $(notdir $+)
# environment
XDG_SEAT_PATH = /org/freedesktop/DisplayManager/Seat0
# environment
DESKTOP_SESSION = i3
# environment
ORIGINAL_XDG_CURRENT_DESKTOP = i3
# makefile (from 'Makefile', line 2)
OBJECTS := ExecutionQueue.o Image.o main.o HttpServer/HttpListener.o HttpServer/HttpProcessor.o HttpServer/HttpSession.o Scanner/OptionValue.o Scanner/Scanner.o Scanner/ScannerManager.o Scanner/ScannerOption.o
# 'override' directive
GNUMAKEFLAGS := 
# environment
LOGNAME = kamil2
# environment
XDG_VTNR = 1
# makefile
.DEFAULT_GOAL := Backend
# environment
DISPLAY = :0
# environment
GTK_MODULES = canberra-gtk-module
# environment
USER = kamil2
# default
MAKE_VERSION := 4.3
# 'override' directive
.SHELLSTATUS := 0
# 'override' directive (from 'Makefile', line 12)
LDFLAGS = /home/kamil2/Libraries/uSockets/*.o -lsane -lz -L/home/kamil2/Libraries/ImageMagic/Magick++/lib/.libs/ -lMagick++-7.Q16HDRI -lpthread
# environment
_ = /usr/bin/make
# environment
XDG_RUNTIME_DIR = /run/user/1003
# environment
XDG_SESSION_CLASS = user
# environment
VSCODE_AMD_ENTRYPOINT = vs/workbench/services/extensions/node/extensionHostProcess
# environment
HOME = /home/kamil2
# environment
ELECTRON_RUN_AS_NODE = 1
# environment
VSCODE_IPC_HOOK = /run/user/1003/vscode-b3071441-1.63.2-main.sock
# environment
XDG_SESSION_ID = 2
# default
.RECIPEPREFIX := 
# automatic
<F = $(notdir $<)
# default
SUFFIXES := 
# makefile (from 'Makefile', line 3)
TARGET := Backend
# environment
VSCODE_CLI = 1
# environment
ELECTRON_NO_ATTACH_CONSOLE = 1
# makefile (from 'Makefile', line 11)
CXXFLAGS = -g -Wall  -std=c++20 -MMD ${IDIRS}
# default
.FEATURES := target-specific order-only second-expansion else-if shortest-stem undefine oneshell nocomment grouped-target extra-prereqs archives jobserver output-sync check-symlink guile load
# makefile (from 'Makefile', line 10)
CXX = g++
# makefile (from 'Makefile', line 1)
SOURCES := ExecutionQueue.cpp Image.cpp main.cpp HttpServer/HttpListener.cpp HttpServer/HttpProcessor.cpp HttpServer/HttpSession.cpp Scanner/OptionValue.cpp Scanner/Scanner.cpp Scanner/ScannerManager.cpp Scanner/ScannerOption.cpp
# environment
DOTNET_ROOT = /usr/share/dotnet
# variable set hash-table stats:
# Load=96/1024=9%, Rehash=0, Collisions=4/157=3%

# Pattern-specific Variable Values

# No pattern-specific variable values.

# Directories

# HttpServer (device 2065, inode 23993350): 14 files, no impossibilities.
# Scanner (device 2065, inode 23993263): 18 files, no impossibilities.
# . (device 2065, inode 23618226): 27 files, no impossibilities.

# 59 files, no impossibilities in 3 directories.

# Implicit Rules

# No implicit rules.

# Files

# Not a target:
/home/kamil2/Libraries/ImageMagick/MagickCore/matrix.h:
#  Implicit rule search has not been done.
#  Modification time never checked.
#  File has not been updated.

# Not a target:
/home/kamil2/Libraries/json/include/nlohmann/detail/iterators/iterator_traits.hpp:
#  Implicit rule search has not been done.
#  Modification time never checked.
#  File has not been updated.

# Not a target:
/home/kamil2/Libraries/json/include/nlohmann/detail/meta/void_t.hpp:
#  Implicit rule search has not been done.
#  Modification time never checked.
#  File has not been updated.

# Not a target:
Scanner/ScannerManager.cpp:
#  Implicit rule search has not been done.
#  Modification time never checked.
#  File has not been updated.

# Not a target:
/home/kamil2/Libraries/ImageMagick/MagickCore/constitute.h:
#  Implicit rule search has not been done.
#  Modification time never checked.
#  File has not been updated.

# Not a target:
/home/kamil2/Libraries/json/include/nlohmann/adl_serializer.hpp:
#  Implicit rule search has not been done.
#  Modification time never checked.
#  File has not been updated.

# Not a target:
/home/kamil2/Libraries/ImageMagick/MagickCore/quantum.h:
#  Implicit rule search has not been done.
#  Modification time never checked.
#  File has not been updated.

# Not a target:
/home/kamil2/Libraries/ImageMagick/MagickWand/magick-image.h:
#  Implicit rule search has not been done.
#  Modification time never checked.
#  File has not been updated.

# Not a target:
/home/kamil2/Libraries/ImageMagick/MagickCore/delegate.h:
#  Implicit rule search has not been done.
#  Modification time never checked.
#  File has not been updated.

# Not a target:
/home/kamil2/Libraries/ImageMagick/MagickWand/animate.h:
#  Implicit rule search has not been done.
#  Modification time never checked.
#  File has not been updated.

Backend: ExecutionQueue.o Image.o main.o HttpServer/HttpListener.o HttpServer/HttpProcessor.o HttpServer/HttpSession.o Scanner/OptionValue.o Scanner/Scanner.o Scanner/ScannerManager.o Scanner/ScannerOption.o
#  Implicit rule search has not been done.
#  Modification time never checked.
#  File has not been updated.
#  recipe to execute (from 'Makefile', line 16):
	g++ -g -std=c++20 ${LDFLAGS} ${OBJECTS}  -o ${TARGET} 

# Not a target:
/home/kamil2/Libraries/ImageMagick/MagickCore/colormap.h:
#  Implicit rule search has not been done.
#  Modification time never checked.
#  File has not been updated.

# Not a target:
/home/kamil2/Libraries/json/include/nlohmann/detail/iterators/iter_impl.hpp:
#  Implicit rule search has not been done.
#  Modification time never checked.
#  File has not been updated.

# Not a target:
/home/kamil2/Libraries/json/include/nlohmann/detail/exceptions.hpp:
#  Implicit rule search has not been done.
#  Modification time never checked.
#  File has not been updated.

# Not a target:
/home/kamil2/Libraries/ImageMagick/MagickCore/compare.h:
#  Implicit rule search has not been done.
#  Modification time never checked.
#  File has not been updated.

# Not a target:
ExecutionQueue.d:
#  Implicit rule search has been done.
#  Last modified 2022-01-30 00:49:48.692649556
#  File has been updated.
#  Successfully updated.

ExecutionQueue.o: ExecutionQueue.cpp ExecutionQueue.h Scanner/Scanner.h /home/kamil2/Libraries/backends/include/sane/sane.h Scanner/ScannerOption.h Scanner/OptionValue.h Image.h
#  Implicit rule search has not been done.
#  Modification time never checked.
#  File has not been updated.

# Not a target:
/home/kamil2/Libraries/json/include/nlohmann/thirdparty/hedley/hedley.hpp:
#  Implicit rule search has not been done.
#  Modification time never checked.
#  File has not been updated.

# Not a target:
HttpServer/HttpListener.d:
#  Implicit rule search has been done.
#  Last modified 2022-01-29 21:12:16.317523611
#  File has been updated.
#  Successfully updated.

# Not a target:
/home/kamil2/Libraries/ImageMagick/Magick++/lib/Magick++/CoderInfo.h:
#  Implicit rule search has not been done.
#  Modification time never checked.
#  File has not been updated.

# Not a target:
/home/kamil2/Libraries/ImageMagick/MagickCore/paint.h:
#  Implicit rule search has not been done.
#  Modification time never checked.
#  File has not been updated.

# Not a target:
/home/kamil2/Libraries/ImageMagick/MagickCore/signature.h:
#  Implicit rule search has not been done.
#  Modification time never checked.
#  File has not been updated.

# Not a target:
/home/kamil2/Libraries/json/include/nlohmann/detail/iterators/json_reverse_iterator.hpp:
#  Implicit rule search has not been done.
#  Modification time never checked.
#  File has not been updated.

# Not a target:
/home/kamil2/Libraries/ImageMagick/MagickCore/vision.h:
#  Implicit rule search has not been done.
#  Modification time never checked.
#  File has not been updated.

# Not a target:
/home/kamil2/Libraries/ImageMagick/MagickCore/decorate.h:
#  Implicit rule search has not been done.
#  Modification time never checked.
#  File has not been updated.

# Not a target:
/home/kamil2/Libraries/json/include/nlohmann/thirdparty/hedley/hedley_undef.hpp:
#  Implicit rule search has not been done.
#  Modification time never checked.
#  File has not been updated.

# Not a target:
/home/kamil2/Libraries/ImageMagick/MagickCore/resample.h:
#  Implicit rule search has not been done.
#  Modification time never checked.
#  File has not been updated.

# Not a target:
/home/kamil2/Libraries/ImageMagick/MagickCore/transform.h:
#  Implicit rule search has not been done.
#  Modification time never checked.
#  File has not been updated.

# Not a target:
/home/kamil2/Libraries/ImageMagick/MagickCore/image.h:
#  Implicit rule search has not been done.
#  Modification time never checked.
#  File has not been updated.

# Not a target:
/home/kamil2/Libraries/json/include/nlohmann/detail/input/json_sax.hpp:
#  Implicit rule search has not been done.
#  Modification time never checked.
#  File has not been updated.

# Not a target:
/home/kamil2/Libraries/ImageMagick/MagickCore/magick-type.h:
#  Implicit rule search has not been done.
#  Modification time never checked.
#  File has not been updated.

# Not a target:
/home/kamil2/Libraries/ImageMagick/MagickCore/magic.h:
#  Implicit rule search has not been done.
#  Modification time never checked.
#  File has not been updated.

# Not a target:
/home/kamil2/Libraries/ImageMagick/MagickCore/property.h:
#  Implicit rule search has not been done.
#  Modification time never checked.
#  File has not been updated.

# Not a target:
/home/kamil2/Libraries/json/include/nlohmann/detail/macro_unscope.hpp:
#  Implicit rule search has not been done.
#  Modification time never checked.
#  File has not been updated.

# Not a target:
/home/kamil2/Libraries/ImageMagick/MagickCore/deprecate.h:
#  Implicit rule search has not been done.
#  Modification time never checked.
#  File has not been updated.

# Not a target:
/home/kamil2/Libraries/ImageMagick/MagickCore/policy.h:
#  Implicit rule search has not been done.
#  Modification time never checked.
#  File has not been updated.

# Not a target:
/home/kamil2/Libraries/ImageMagick/MagickCore/threshold.h:
#  Implicit rule search has not been done.
#  Modification time never checked.
#  File has not been updated.

# Not a target:
HttpServer/HttpListener.cpp:
#  Implicit rule search has not been done.
#  Modification time never checked.
#  File has not been updated.

# Not a target:
/home/kamil2/Libraries/ImageMagick/MagickCore/enhance.h:
#  Implicit rule search has not been done.
#  Modification time never checked.
#  File has not been updated.

# Not a target:
/home/kamil2/Libraries/ImageMagick/MagickCore/exception.h:
#  Implicit rule search has not been done.
#  Modification time never checked.
#  File has not been updated.

# Not a target:
Scanner/ScannerOption.d:
#  Implicit rule search has been done.
#  Last modified 2022-01-30 00:49:56.369401103
#  File has been updated.
#  Successfully updated.

# Not a target:
/home/kamil2/Libraries/ImageMagick/MagickCore/cache-view.h:
#  Implicit rule search has not been done.
#  Modification time never checked.
#  File has not been updated.

# Not a target:
/home/kamil2/Libraries/ImageMagick/MagickWand/montage.h:
#  Implicit rule search has not been done.
#  Modification time never checked.
#  File has not been updated.

# Not a target:
/home/kamil2/Libraries/ImageMagick/MagickWand/stream.h:
#  Implicit rule search has not been done.
#  Modification time never checked.
#  File has not been updated.

 
Scanner/Scanner.o: Scanner/Scanner.cpp Scanner/Scanner.h /home/kamil2/Libraries/backends/include/sane/sane.h Scanner/ScannerOption.h Scanner/OptionValue.h
#  Implicit rule search has not been done.
#  Modification time never checked.
#  File has not been updated.

# Not a target:
/home/kamil2/Libraries/ImageMagick/MagickCore/distribute-cache.h:
#  Implicit rule search has not been done.
#  Modification time never checked.
#  File has not been updated.

# Not a target:
/home/kamil2/Libraries/ImageMagick/MagickCore/resize.h:
#  Implicit rule search has not been done.
#  Modification time never checked.
#  File has not been updated.

# Not a target:
/home/kamil2/Libraries/ImageMagick/MagickCore/gem.h:
#  Implicit rule search has not been done.
#  Modification time never checked.
#  File has not been updated.

# Not a target:
/home/kamil2/Libraries/ImageMagick/MagickCore/coder.h:
#  Implicit rule search has not been done.
#  Modification time never checked.
#  File has not been updated.

# Not a target:
/home/kamil2/Libraries/ImageMagick/MagickCore/shear.h:
#  Implicit rule search has not been done.
#  Modification time never checked.
#  File has not been updated.

# Not a target:
Image.cpp:
#  Implicit rule search has not been done.
#  Modification time never checked.
#  File has not been updated.

# Not a target:
/home/kamil2/Libraries/ImageMagick/MagickCore/morphology.h:
#  Implicit rule search has not been done.
#  Modification time never checked.
#  File has not been updated.

# Not a target:
/home/kamil2/Libraries/ImageMagick/MagickCore/utility.h:
#  Implicit rule search has not been done.
#  Modification time never checked.
#  File has not been updated.

# Not a target:
/home/kamil2/Libraries/ImageMagick/MagickCore/prepress.h:
#  Implicit rule search has not been done.
#  Modification time never checked.
#  File has not been updated.

# Not a target:
/home/kamil2/Libraries/ImageMagick/MagickCore/resource_.h:
#  Implicit rule search has not been done.
#  Modification time never checked.
#  File has not been updated.

Scanner/OptionValue.o: Scanner/OptionValue.cpp Scanner/OptionValue.h /home/kamil2/Libraries/backends/include/sane/sane.h
#  Implicit rule search has not been done.
#  Modification time never checked.
#  File has not been updated.

# Not a target:
/home/kamil2/Libraries/json/include/nlohmann/detail/conversions/from_json.hpp:
#  Implicit rule search has not been done.
#  Modification time never checked.
#  File has not been updated.

# Not a target:
Makefile:
#  Implicit rule search has been done.
#  Last modified 2022-02-02 18:29:41.8558186
#  File has been updated.
#  Successfully updated.

# Not a target:
/home/kamil2/Libraries/ImageMagick/MagickWand/magick-cli.h:
#  Implicit rule search has not been done.
#  Modification time never checked.
#  File has not been updated.

# Not a target:
/home/kamil2/Libraries/json/include/nlohmann/byte_container_with_subtype.hpp:
#  Implicit rule search has not been done.
#  Modification time never checked.
#  File has not been updated.

# Not a target:
Image.h:
#  Implicit rule search has not been done.
#  Modification time never checked.
#  File has not been updated.

# Not a target:
/home/kamil2/Libraries/ImageMagick/MagickWand/composite.h:
#  Implicit rule search has not been done.
#  Modification time never checked.
#  File has not been updated.

# Not a target:
/home/kamil2/Libraries/ImageMagick/MagickCore/timer.h:
#  Implicit rule search has not been done.
#  Modification time never checked.
#  File has not been updated.

# Not a target:
Scanner/../Scanner/OptionValue.h:
#  Implicit rule search has not been done.
#  Modification time never checked.
#  File has not been updated.

# Not a target:
/home/kamil2/Libraries/ImageMagick/MagickCore/channel.h:
#  Implicit rule search has not been done.
#  Modification time never checked.
#  File has not been updated.

# Not a target:
Scanner/Scanner.d:
#  Implicit rule search has been done.
#  Last modified 2022-01-30 00:51:06.930181318
#  File has been updated.
#  Successfully updated.

# Not a target:
/home/kamil2/Libraries/ImageMagick/MagickCore/quantize.h:
#  Implicit rule search has not been done.
#  Modification time never checked.
#  File has not been updated.

# Not a target:
/home/kamil2/Libraries/ImageMagick/MagickWand/wandcli.h:
#  Implicit rule search has not been done.
#  Modification time never checked.
#  File has not been updated.

# Not a target:
Scanner/OptionValue.d:
#  Implicit rule search has been done.
#  Last modified 2022-01-30 00:30:05.473635458
#  File has been updated.
#  Successfully updated.

# Not a target:
/home/kamil2/Libraries/ImageMagick/MagickCore/linked-list.h:
#  Implicit rule search has not been done.
#  Modification time never checked.
#  File has not been updated.

# Not a target:
/home/kamil2/Libraries/ImageMagick/MagickCore/module.h:
#  Implicit rule search has not been done.
#  Modification time never checked.
#  File has not been updated.

# Not a target:
HttpServer/HttpProcessor.d:
#  Implicit rule search has been done.
#  Last modified 2022-01-29 21:12:16.564192777
#  File has been updated.
#  Successfully updated.

# Not a target:
/home/kamil2/Libraries/ImageMagick/MagickCore/pixel-accessor.h:
#  Implicit rule search has not been done.
#  Modification time never checked.
#  File has not been updated.

# Not a target:
/home/kamil2/Libraries/ImageMagick/MagickCore/locale_.h:
#  Implicit rule search has not been done.
#  Modification time never checked.
#  File has not been updated.

# Not a target:
/home/kamil2/Libraries/ImageMagick/MagickWand/mogrify.h:
#  Implicit rule search has not been done.
#  Modification time never checked.
#  File has not been updated.

# Not a target:
/home/kamil2/Libraries/ImageMagick/MagickCore/list.h:
#  Implicit rule search has not been done.
#  Modification time never checked.
#  File has not been updated.

# Not a target:
/home/kamil2/Libraries/json/include/nlohmann/detail/hash.hpp:
#  Implicit rule search has not been done.
#  Modification time never checked.
#  File has not been updated.

# Not a target:
/home/kamil2/Libraries/json/include/nlohmann/detail/meta/call_std/begin.hpp:
#  Implicit rule search has not been done.
#  Modification time never checked.
#  File has not been updated.

# Not a target:
/home/kamil2/Libraries/ImageMagick/MagickWand/magick-property.h:
#  Implicit rule search has not been done.
#  Modification time never checked.
#  File has not been updated.

# Not a target:
/home/kamil2/Libraries/ImageMagick/MagickCore/monitor.h:
#  Implicit rule search has not been done.
#  Modification time never checked.
#  File has not been updated.

clean:
#  Implicit rule search has not been done.
#  Modification time never checked.
#  File has not been updated.
#  recipe to execute (from 'Makefile', line 21):
	rm -f *.o
	rm -f */*.o
	rm -f *.d
	rm -f */*.d

# Not a target:
/home/kamil2/Libraries/ImageMagick/Magick++/lib/Magick++/Statistic.h:
#  Implicit rule search has not been done.
#  Modification time never checked.
#  File has not been updated.

# Not a target:
/home/kamil2/Libraries/ImageMagick/MagickCore/fx.h:
#  Implicit rule search has not been done.
#  Modification time never checked.
#  File has not been updated.

# Not a target:
/home/kamil2/Libraries/json/include/nlohmann/detail/meta/cpp_future.hpp:
#  Implicit rule search has not been done.
#  Modification time never checked.
#  File has not been updated.

# Not a target:
/home/kamil2/Libraries/ImageMagick/MagickCore/animate.h:
#  Implicit rule search has not been done.
#  Modification time never checked.
#  File has not been updated.

# Not a target:
/home/kamil2/Libraries/ImageMagick/MagickCore/feature.h:
#  Implicit rule search has not been done.
#  Modification time never checked.
#  File has not been updated.

# Not a target:
/home/kamil2/Libraries/ImageMagick/MagickCore/random_.h:
#  Implicit rule search has not been done.
#  Modification time never checked.
#  File has not been updated.

# Not a target:
/home/kamil2/Libraries/ImageMagick/MagickCore/compress.h:
#  Implicit rule search has not been done.
#  Modification time never checked.
#  File has not been updated.

# Not a target:
/home/kamil2/Libraries/ImageMagick/MagickCore/effect.h:
#  Implicit rule search has not been done.
#  Modification time never checked.
#  File has not been updated.

# Not a target:
/home/kamil2/Libraries/ImageMagick/MagickWand/deprecate.h:
#  Implicit rule search has not been done.
#  Modification time never checked.
#  File has not been updated.

# Not a target:
/home/kamil2/Libraries/ImageMagick/MagickCore/distort.h:
#  Implicit rule search has not been done.
#  Modification time never checked.
#  File has not been updated.

# Not a target:
/home/kamil2/Libraries/ImageMagick/MagickCore/mime.h:
#  Implicit rule search has not been done.
#  Modification time never checked.
#  File has not been updated.

# Not a target:
/home/kamil2/Libraries/ImageMagick/MagickWand/identify.h:
#  Implicit rule search has not been done.
#  Modification time never checked.
#  File has not been updated.

# Not a target:
/home/kamil2/Libraries/ImageMagick/MagickWand/wand-view.h:
#  Implicit rule search has not been done.
#  Modification time never checked.
#  File has not been updated.

# Not a target:
/home/kamil2/Libraries/json/include/nlohmann/detail/meta/call_std/end.hpp:
#  Implicit rule search has not been done.
#  Modification time never checked.
#  File has not been updated.

# Not a target:
/home/kamil2/Libraries/ImageMagick/Magick++/lib/Magick++/STL.h:
#  Implicit rule search has not been done.
#  Modification time never checked.
#  File has not been updated.

# Not a target:
/home/kamil2/Libraries/ImageMagick/MagickCore/blob.h:
#  Implicit rule search has not been done.
#  Modification time never checked.
#  File has not been updated.

# Not a target:
/home/kamil2/Libraries/json/include/nlohmann/detail/conversions/to_chars.hpp:
#  Implicit rule search has not been done.
#  Modification time never checked.
#  File has not been updated.

# Not a target:
/home/kamil2/Libraries/ImageMagick/MagickWand/conjure.h:
#  Implicit rule search has not been done.
#  Modification time never checked.
#  File has not been updated.

# Not a target:
/home/kamil2/Libraries/ImageMagick/MagickCore/pixel.h:
#  Implicit rule search has not been done.
#  Modification time never checked.
#  File has not been updated.

# Not a target:
Scanner/ScannerManager.h:
#  Implicit rule search has not been done.
#  Modification time never checked.
#  File has not been updated.

# Not a target:
/home/kamil2/Libraries/json/include/nlohmann/detail/meta/detected.hpp:
#  Implicit rule search has not been done.
#  Modification time never checked.
#  File has not been updated.

# Not a target:
/home/kamil2/Libraries/ImageMagick/Magick++/lib/Magick++/Blob.h:
#  Implicit rule search has not been done.
#  Modification time never checked.
#  File has not been updated.

# Not a target:
/home/kamil2/Libraries/ImageMagick/MagickCore/identify.h:
#  Implicit rule search has not been done.
#  Modification time never checked.
#  File has not been updated.

# Not a target:
/home/kamil2/Libraries/ImageMagick/Magick++/lib/Magick++.h:
#  Implicit rule search has not been done.
#  Modification time never checked.
#  File has not been updated.

# Not a target:
/home/kamil2/Libraries/ImageMagick/MagickCore/stream.h:
#  Implicit rule search has not been done.
#  Modification time never checked.
#  File has not been updated.

# Not a target:
/home/kamil2/Libraries/json/include/nlohmann/json_fwd.hpp:
#  Implicit rule search has not been done.
#  Modification time never checked.
#  File has not been updated.

# Not a target:
ExecutionQueue.h:
#  Implicit rule search has not been done.
#  Modification time never checked.
#  File has not been updated.

# Not a target:
/home/kamil2/Libraries/json/include/nlohmann/detail/meta/type_traits.hpp:
#  Implicit rule search has not been done.
#  Modification time never checked.
#  File has not been updated.

# Not a target:
/home/kamil2/Libraries/json/include/nlohmann/detail/input/input_adapters.hpp:
#  Implicit rule search has not been done.
#  Modification time never checked.
#  File has not been updated.

# Not a target:
HttpServer/HttpSession.cpp:
#  Implicit rule search has not been done.
#  Modification time never checked.
#  File has not been updated.

# Not a target:
/home/kamil2/Libraries/json/include/nlohmann/detail/json_ref.hpp:
#  Implicit rule search has not been done.
#  Modification time never checked.
#  File has not been updated.

# Not a target:
/home/kamil2/Libraries/ImageMagick/MagickCore/segment.h:
#  Implicit rule search has not been done.
#  Modification time never checked.
#  File has not been updated.

# Not a target:
/home/kamil2/Libraries/ImageMagick/MagickCore/token.h:
#  Implicit rule search has not been done.
#  Modification time never checked.
#  File has not been updated.

# Not a target:
Scanner/ScannerOption.h:
#  Implicit rule search has not been done.
#  Modification time never checked.
#  File has not been updated.

Scanner/ScannerManager.o: Scanner/ScannerManager.cpp Scanner/ScannerManager.h Scanner/../ExecutionQueue.h Scanner/../Scanner/Scanner.h /home/kamil2/Libraries/backends/include/sane/sane.h Scanner/../Scanner/ScannerOption.h Scanner/../Scanner/OptionValue.h /home/kamil2/Libraries/json/include/nlohmann/json.hpp /home/kamil2/Libraries/json/include/nlohmann/adl_serializer.hpp /home/kamil2/Libraries/json/include/nlohmann/detail/conversions/from_json.hpp /home/kamil2/Libraries/json/include/nlohmann/detail/exceptions.hpp /home/kamil2/Libraries/json/include/nlohmann/detail/value_t.hpp /home/kamil2/Libraries/json/include/nlohmann/detail/string_escape.hpp /home/kamil2/Libraries/json/include/nlohmann/detail/macro_scope.hpp /home/kamil2/Libraries/json/include/nlohmann/thirdparty/hedley/hedley.hpp /home/kamil2/Libraries/json/include/nlohmann/detail/meta/detected.hpp /home/kamil2/Libraries/json/include/nlohmann/detail/meta/void_t.hpp /home/kamil2/Libraries/json/include/nlohmann/detail/input/position_t.hpp /home/kamil2/Libraries/json/include/nlohmann/detail/meta/cpp_future.hpp /home/kamil2/Libraries/json/include/nlohmann/detail/meta/identity_tag.hpp /home/kamil2/Libraries/json/include/nlohmann/detail/meta/type_traits.hpp /home/kamil2/Libraries/json/include/nlohmann/detail/iterators/iterator_traits.hpp /home/kamil2/Libraries/json/include/nlohmann/detail/meta/call_std/begin.hpp /home/kamil2/Libraries/json/include/nlohmann/detail/meta/call_std/end.hpp /home/kamil2/Libraries/json/include/nlohmann/json_fwd.hpp /home/kamil2/Libraries/json/include/nlohmann/detail/conversions/to_json.hpp /home/kamil2/Libraries/json/include/nlohmann/detail/iterators/iteration_proxy.hpp /home/kamil2/Libraries/json/include/nlohmann/byte_container_with_subtype.hpp /home/kamil2/Libraries/json/include/nlohmann/detail/hash.hpp /home/kamil2/Libraries/json/include/nlohmann/detail/input/binary_reader.hpp /home/kamil2/Libraries/json/include/nlohmann/detail/input/input_adapters.hpp /home/kamil2/Libraries/json/include/nlohmann/detail/input/json_sax.hpp /home/kamil2/Libraries/json/include/nlohmann/detail/input/lexer.hpp /home/kamil2/Libraries/json/include/nlohmann/detail/meta/is_sax.hpp /home/kamil2/Libraries/json/include/nlohmann/detail/input/parser.hpp /home/kamil2/Libraries/json/include/nlohmann/detail/iterators/internal_iterator.hpp /home/kamil2/Libraries/json/include/nlohmann/detail/iterators/primitive_iterator.hpp /home/kamil2/Libraries/json/include/nlohmann/detail/iterators/iter_impl.hpp /home/kamil2/Libraries/json/include/nlohmann/detail/iterators/json_reverse_iterator.hpp /home/kamil2/Libraries/json/include/nlohmann/detail/json_pointer.hpp /home/kamil2/Libraries/json/include/nlohmann/detail/json_ref.hpp /home/kamil2/Libraries/json/include/nlohmann/detail/output/binary_writer.hpp /home/kamil2/Libraries/json/include/nlohmann/detail/output/output_adapters.hpp /home/kamil2/Libraries/json/include/nlohmann/detail/output/serializer.hpp /home/kamil2/Libraries/json/include/nlohmann/detail/conversions/to_chars.hpp /home/kamil2/Libraries/json/include/nlohmann/ordered_map.hpp /home/kamil2/Libraries/json/include/nlohmann/detail/macro_unscope.hpp /home/kamil2/Libraries/json/include/nlohmann/thirdparty/hedley/hedley_undef.hpp
#  Implicit rule search has not been done.
#  Modification time never checked.
#  File has not been updated.

# Not a target:
Scanner/../Scanner/Scanner.h:
#  Implicit rule search has not been done.
#  Modification time never checked.
#  File has not been updated.

# Not a target:
/home/kamil2/Libraries/ImageMagick/MagickCore/xml-tree.h:
#  Implicit rule search has not been done.
#  Modification time never checked.
#  File has not been updated.

# Not a target:
/home/kamil2/Libraries/json/include/nlohmann/ordered_map.hpp:
#  Implicit rule search has not been done.
#  Modification time never checked.
#  File has not been updated.

# Not a target:
/home/kamil2/Libraries/ImageMagick/MagickWand/drawing-wand.h:
#  Implicit rule search has not been done.
#  Modification time never checked.
#  File has not been updated.

# Not a target:
Image.d:
#  Implicit rule search has been done.
#  Last modified 2022-01-29 21:12:09.310785961
#  File has been updated.
#  Successfully updated.

# Not a target:
/home/kamil2/Libraries/ImageMagick/MagickCore/colorspace.h:
#  Implicit rule search has not been done.
#  Modification time never checked.
#  File has not been updated.

# Not a target:
/home/kamil2/Libraries/ImageMagick/MagickCore/registry.h:
#  Implicit rule search has not been done.
#  Modification time never checked.
#  File has not been updated.

# Not a target:
/home/kamil2/Libraries/json/include/nlohmann/detail/input/position_t.hpp:
#  Implicit rule search has not been done.
#  Modification time never checked.
#  File has not been updated.

# Not a target:
/home/kamil2/Libraries/ImageMagick/MagickCore/layer.h:
#  Implicit rule search has not been done.
#  Modification time never checked.
#  File has not been updated.

# Not a target:
/home/kamil2/Libraries/ImageMagick/MagickCore/magick-config.h:
#  Implicit rule search has not been done.
#  Modification time never checked.
#  File has not been updated.

# Not a target:
Scanner/Scanner.h:
#  Implicit rule search has not been done.
#  Modification time never checked.
#  File has not been updated.

# Not a target:
/home/kamil2/Libraries/json/include/nlohmann/detail/conversions/to_json.hpp:
#  Implicit rule search has not been done.
#  Modification time never checked.
#  File has not been updated.

# Not a target:
/home/kamil2/Libraries/ImageMagick/Magick++/lib/Magick++/Pixels.h:
#  Implicit rule search has not been done.
#  Modification time never checked.
#  File has not been updated.

# Not a target:
.DEFAULT:
#  Implicit rule search has not been done.
#  Modification time never checked.
#  File has not been updated.

# Not a target:
/home/kamil2/Libraries/ImageMagick/MagickCore/semaphore.h:
#  Implicit rule search has not been done.
#  Modification time never checked.
#  File has not been updated.

# Not a target:
/home/kamil2/Libraries/ImageMagick/MagickCore/cache.h:
#  Implicit rule search has not been done.
#  Modification time never checked.
#  File has not been updated.

# Not a target:
/home/kamil2/Libraries/json/include/nlohmann/detail/input/parser.hpp:
#  Implicit rule search has not been done.
#  Modification time never checked.
#  File has not been updated.

# Not a target:
/home/kamil2/Libraries/ImageMagick/MagickCore/version.h:
#  Implicit rule search has not been done.
#  Modification time never checked.
#  File has not been updated.

# Not a target:
all:
#  Command line target.
#  Implicit rule search has been done.
#  File does not exist.
#  File has not been updated.

# Not a target:
/home/kamil2/Libraries/ImageMagick/MagickWand/pixel-iterator.h:
#  Implicit rule search has not been done.
#  Modification time never checked.
#  File has not been updated.

# Not a target:
/home/kamil2/Libraries/json/include/nlohmann/detail/output/output_adapters.hpp:
#  Implicit rule search has not been done.
#  Modification time never checked.
#  File has not been updated.

# Not a target:
Scanner/ScannerManager.d:
#  Implicit rule search has been done.
#  Last modified 2022-01-30 00:49:55.386056897
#  File has been updated.
#  Successfully updated.

# Not a target:
/home/kamil2/Libraries/ImageMagick/MagickWand/method-attribute.h:
#  Implicit rule search has not been done.
#  Modification time never checked.
#  File has not been updated.

HttpServer/HttpSession.o: HttpServer/HttpSession.cpp
#  Implicit rule search has not been done.
#  Modification time never checked.
#  File has not been updated.

# Not a target:
/home/kamil2/Libraries/ImageMagick/MagickCore/client.h:
#  Implicit rule search has not been done.
#  Modification time never checked.
#  File has not been updated.

# Not a target:
/home/kamil2/Libraries/ImageMagick/MagickWand/compare.h:
#  Implicit rule search has not been done.
#  Modification time never checked.
#  File has not been updated.

# Not a target:
/home/kamil2/Libraries/ImageMagick/Magick++/lib/Magick++/ResourceLimits.h:
#  Implicit rule search has not been done.
#  Modification time never checked.
#  File has not been updated.

# Not a target:
/home/kamil2/Libraries/json/include/nlohmann/detail/output/binary_writer.hpp:
#  Implicit rule search has not been done.
#  Modification time never checked.
#  File has not been updated.

# Not a target:
main.cpp:
#  Implicit rule search has not been done.
#  Modification time never checked.
#  File has not been updated.

# Not a target:
/home/kamil2/Libraries/ImageMagick/Magick++/lib/Magick++/Geometry.h:
#  Implicit rule search has not been done.
#  Modification time never checked.
#  File has not been updated.

# Not a target:
/home/kamil2/Libraries/ImageMagick/Magick++/lib/Magick++/Include.h:
#  Implicit rule search has not been done.
#  Modification time never checked.
#  File has not been updated.

# Not a target:
Scanner/OptionValue.cpp:
#  Implicit rule search has not been done.
#  Modification time never checked.
#  File has not been updated.

HttpServer/HttpProcessor.o: HttpServer/HttpProcessor.cpp
#  Implicit rule search has not been done.
#  Modification time never checked.
#  File has not been updated.

# Not a target:
/home/kamil2/Libraries/ImageMagick/MagickCore/geometry.h:
#  Implicit rule search has not been done.
#  Modification time never checked.
#  File has not been updated.

Scanner/ScannerOption.o: Scanner/ScannerOption.cpp Scanner/ScannerOption.h /home/kamil2/Libraries/backends/include/sane/sane.h Scanner/OptionValue.h
#  Implicit rule search has not been done.
#  Modification time never checked.
#  File has not been updated.

# Not a target:
/home/kamil2/Libraries/ImageMagick/Magick++/lib/Magick++/Drawable.h:
#  Implicit rule search has not been done.
#  Modification time never checked.
#  File has not been updated.

# Not a target:
/home/kamil2/Libraries/ImageMagick/MagickCore/MagickCore.h:
#  Implicit rule search has not been done.
#  Modification time never checked.
#  File has not been updated.

# Not a target:
Scanner/ScannerOption.cpp:
#  Implicit rule search has not been done.
#  Modification time never checked.
#  File has not been updated.

# Not a target:
/home/kamil2/Libraries/ImageMagick/MagickCore/static.h:
#  Implicit rule search has not been done.
#  Modification time never checked.
#  File has not been updated.

# Not a target:
Scanner/../ExecutionQueue.h:
#  Implicit rule search has not been done.
#  Modification time never checked.
#  File has not been updated.

# Not a target:
Scanner/OptionValue.h:
#  Implicit rule search has not been done.
#  Modification time never checked.
#  File has not been updated.

# Not a target:
/home/kamil2/Libraries/json/include/nlohmann/detail/input/lexer.hpp:
#  Implicit rule search has not been done.
#  Modification time never checked.
#  File has not been updated.

# Not a target:
Scanner/../Scanner/ScannerOption.h:
#  Implicit rule search has not been done.
#  Modification time never checked.
#  File has not been updated.

main.o: main.cpp Scanner/Scanner.h /home/kamil2/Libraries/backends/include/sane/sane.h Scanner/ScannerOption.h Scanner/OptionValue.h Image.h HttpServer/HttpListener.h main.cpp Scanner/Scanner.h /home/kamil2/Libraries/backends/include/sane/sane.h Scanner/ScannerOption.h Scanner/OptionValue.h Image.h HttpServer/HttpListener.h
#  Implicit rule search has not been done.
#  Modification time never checked.
#  File has not been updated.

# Not a target:
/home/kamil2/Libraries/ImageMagick/MagickCore/image-view.h:
#  Implicit rule search has not been done.
#  Modification time never checked.
#  File has not been updated.

# Not a target:
/home/kamil2/Libraries/ImageMagick/MagickCore/composite.h:
#  Implicit rule search has not been done.
#  Modification time never checked.
#  File has not been updated.

# Not a target:
/home/kamil2/Libraries/json/include/nlohmann/detail/meta/identity_tag.hpp:
#  Implicit rule search has not been done.
#  Modification time never checked.
#  File has not been updated.

# Not a target:
/home/kamil2/Libraries/ImageMagick/MagickCore/method-attribute.h:
#  Implicit rule search has not been done.
#  Modification time never checked.
#  File has not been updated.

# Not a target:
/home/kamil2/Libraries/ImageMagick/Magick++/lib/Magick++/Functions.h:
#  Implicit rule search has not been done.
#  Modification time never checked.
#  File has not been updated.

# Not a target:
/home/kamil2/Libraries/ImageMagick/MagickCore/splay-tree.h:
#  Implicit rule search has not been done.
#  Modification time never checked.
#  File has not been updated.

# Not a target:
/home/kamil2/Libraries/ImageMagick/Magick++/lib/Magick++/Color.h:
#  Implicit rule search has not been done.
#  Modification time never checked.
#  File has not been updated.

# Not a target:
/home/kamil2/Libraries/ImageMagick/Magick++/lib/Magick++/TypeMetric.h:
#  Implicit rule search has not been done.
#  Modification time never checked.
#  File has not been updated.

# Not a target:
/home/kamil2/Libraries/ImageMagick/MagickCore/magick-baseconfig.h:
#  Implicit rule search has not been done.
#  Modification time never checked.
#  File has not been updated.

# Not a target:
/home/kamil2/Libraries/ImageMagick/MagickCore/histogram.h:
#  Implicit rule search has not been done.
#  Modification time never checked.
#  File has not been updated.

# Not a target:
/home/kamil2/Libraries/ImageMagick/Magick++/lib/Magick++/Image.h:
#  Implicit rule search has not been done.
#  Modification time never checked.
#  File has not been updated.

# Not a target:
/home/kamil2/Libraries/json/include/nlohmann/detail/iterators/internal_iterator.hpp:
#  Implicit rule search has not been done.
#  Modification time never checked.
#  File has not been updated.

# Not a target:
/home/kamil2/Libraries/ImageMagick/Magick++/lib/Magick++/Exception.h:
#  Implicit rule search has not been done.
#  Modification time never checked.
#  File has not been updated.

# Not a target:
/home/kamil2/Libraries/ImageMagick/MagickCore/attribute.h:
#  Implicit rule search has not been done.
#  Modification time never checked.
#  File has not been updated.

# Not a target:
/home/kamil2/Libraries/ImageMagick/MagickWand/import.h:
#  Implicit rule search has not been done.
#  Modification time never checked.
#  File has not been updated.

# Not a target:
/home/kamil2/Libraries/ImageMagick/MagickCore/color.h:
#  Implicit rule search has not been done.
#  Modification time never checked.
#  File has not been updated.

# Not a target:
/home/kamil2/Libraries/ImageMagick/MagickCore/display.h:
#  Implicit rule search has not been done.
#  Modification time never checked.
#  File has not been updated.

# Not a target:
main.d:
#  Implicit rule search has been done.
#  Last modified 2022-01-30 16:17:22.468333353
#  File has been updated.
#  Successfully updated.

# Not a target:
/home/kamil2/Libraries/json/include/nlohmann/detail/json_pointer.hpp:
#  Implicit rule search has not been done.
#  Modification time never checked.
#  File has not been updated.

# Not a target:
/home/kamil2/Libraries/backends/include/sane/sane.h:
#  Implicit rule search has not been done.
#  Modification time never checked.
#  File has not been updated.

# Not a target:
/home/kamil2/Libraries/ImageMagick/MagickCore/draw.h:
#  Implicit rule search has not been done.
#  Modification time never checked.
#  File has not been updated.

# Not a target:
/home/kamil2/Libraries/ImageMagick/MagickCore/visual-effects.h:
#  Implicit rule search has not been done.
#  Modification time never checked.
#  File has not been updated.

# Not a target:
/home/kamil2/Libraries/json/include/nlohmann/detail/output/serializer.hpp:
#  Implicit rule search has not been done.
#  Modification time never checked.
#  File has not been updated.

# Not a target:
/home/kamil2/Libraries/ImageMagick/MagickCore/artifact.h:
#  Implicit rule search has not been done.
#  Modification time never checked.
#  File has not been updated.

# Not a target:
/home/kamil2/Libraries/ImageMagick/MagickCore/annotate.h:
#  Implicit rule search has not been done.
#  Modification time never checked.
#  File has not been updated.

# Not a target:
/home/kamil2/Libraries/ImageMagick/MagickCore/opencl.h:
#  Implicit rule search has not been done.
#  Modification time never checked.
#  File has not been updated.

# Not a target:
/home/kamil2/Libraries/json/include/nlohmann/detail/string_escape.hpp:
#  Implicit rule search has not been done.
#  Modification time never checked.
#  File has not been updated.

# Not a target:
/home/kamil2/Libraries/ImageMagick/MagickCore/type.h:
#  Implicit rule search has not been done.
#  Modification time never checked.
#  File has not been updated.

# Not a target:
/home/kamil2/Libraries/ImageMagick/MagickCore/xwindow.h:
#  Implicit rule search has not been done.
#  Modification time never checked.
#  File has not been updated.

# Not a target:
/home/kamil2/Libraries/json/include/nlohmann/detail/input/binary_reader.hpp:
#  Implicit rule search has not been done.
#  Modification time never checked.
#  File has not been updated.

# Not a target:
/home/kamil2/Libraries/ImageMagick/MagickCore/montage.h:
#  Implicit rule search has not been done.
#  Modification time never checked.
#  File has not been updated.

HttpServer/HttpListener.o: HttpServer/HttpListener.cpp HttpServer/HttpListener.h
#  Implicit rule search has not been done.
#  Modification time never checked.
#  File has not been updated.

# Not a target:
/home/kamil2/Libraries/ImageMagick/MagickCore/magick.h:
#  Implicit rule search has not been done.
#  Modification time never checked.
#  File has not been updated.

# Not a target:
/home/kamil2/Libraries/ImageMagick/MagickCore/profile.h:
#  Implicit rule search has not been done.
#  Modification time never checked.
#  File has not been updated.

# Not a target:
/home/kamil2/Libraries/ImageMagick/MagickCore/memory_.h:
#  Implicit rule search has not been done.
#  Modification time never checked.
#  File has not been updated.

# Not a target:
Scanner/Scanner.cpp:
#  Implicit rule search has not been done.
#  Modification time never checked.
#  File has not been updated.

 
# Not a target:
/home/kamil2/Libraries/json/include/nlohmann/detail/macro_scope.hpp:
#  Implicit rule search has not been done.
#  Modification time never checked.
#  File has not been updated.

# Not a target:
/home/kamil2/Libraries/ImageMagick/MagickWand/operation.h:
#  Implicit rule search has not been done.
#  Modification time never checked.
#  File has not been updated.

# Not a target:
/home/kamil2/Libraries/json/include/nlohmann/detail/iterators/primitive_iterator.hpp:
#  Implicit rule search has not been done.
#  Modification time never checked.
#  File has not been updated.

# Not a target:
/home/kamil2/Libraries/json/include/nlohmann/json.hpp:
#  Implicit rule search has not been done.
#  Modification time never checked.
#  File has not been updated.

# Not a target:
/home/kamil2/Libraries/ImageMagick/MagickCore/option.h:
#  Implicit rule search has not been done.
#  Modification time never checked.
#  File has not been updated.

# Not a target:
/home/kamil2/Libraries/json/include/nlohmann/detail/value_t.hpp:
#  Implicit rule search has not been done.
#  Modification time never checked.
#  File has not been updated.

# Not a target:
ExecutionQueue.cpp:
#  Implicit rule search has not been done.
#  Modification time never checked.
#  File has not been updated.

# Not a target:
HttpServer/HttpProcessor.cpp:
#  Implicit rule search has not been done.
#  Modification time never checked.
#  File has not been updated.

# Not a target:
HttpServer/HttpListener.h:
#  Implicit rule search has not been done.
#  Modification time never checked.
#  File has not been updated.

# Not a target:
/home/kamil2/Libraries/json/include/nlohmann/detail/iterators/iteration_proxy.hpp:
#  Implicit rule search has not been done.
#  Modification time never checked.
#  File has not been updated.

Image.o: Image.cpp Image.h /home/kamil2/Libraries/ImageMagick/Magick++/lib/Magick++.h /home/kamil2/Libraries/ImageMagick/Magick++/lib/Magick++/Include.h /home/kamil2/Libraries/ImageMagick/MagickCore/magick-config.h /home/kamil2/Libraries/ImageMagick/MagickCore/magick-baseconfig.h /home/kamil2/Libraries/ImageMagick/MagickCore/MagickCore.h /home/kamil2/Libraries/ImageMagick/MagickCore/method-attribute.h /home/kamil2/Libraries/ImageMagick/MagickCore/magick-type.h /home/kamil2/Libraries/ImageMagick/MagickCore/animate.h /home/kamil2/Libraries/ImageMagick/MagickCore/annotate.h /home/kamil2/Libraries/ImageMagick/MagickCore/draw.h /home/kamil2/Libraries/ImageMagick/MagickCore/geometry.h /home/kamil2/Libraries/ImageMagick/MagickCore/image.h /home/kamil2/Libraries/ImageMagick/MagickCore/blob.h /home/kamil2/Libraries/ImageMagick/MagickCore/stream.h /home/kamil2/Libraries/ImageMagick/MagickCore/pixel.h /home/kamil2/Libraries/ImageMagick/MagickCore/colorspace.h /home/kamil2/Libraries/ImageMagick/MagickCore/cache-view.h /home/kamil2/Libraries/ImageMagick/MagickCore/color.h /home/kamil2/Libraries/ImageMagick/MagickCore/exception.h /home/kamil2/Libraries/ImageMagick/MagickCore/semaphore.h /home/kamil2/Libraries/ImageMagick/MagickCore/composite.h /home/kamil2/Libraries/ImageMagick/MagickCore/compress.h /home/kamil2/Libraries/ImageMagick/MagickCore/effect.h /home/kamil2/Libraries/ImageMagick/MagickCore/morphology.h /home/kamil2/Libraries/ImageMagick/MagickCore/layer.h /home/kamil2/Libraries/ImageMagick/MagickCore/locale_.h /home/kamil2/Libraries/ImageMagick/MagickCore/linked-list.h /home/kamil2/Libraries/ImageMagick/MagickCore/monitor.h /home/kamil2/Libraries/ImageMagick/MagickCore/profile.h /home/kamil2/Libraries/ImageMagick/MagickCore/string_.h /home/kamil2/Libraries/ImageMagick/MagickCore/quantum.h /home/kamil2/Libraries/ImageMagick/MagickCore/resample.h /home/kamil2/Libraries/ImageMagick/MagickCore/resize.h /home/kamil2/Libraries/ImageMagick/MagickCore/timer.h /home/kamil2/Libraries/ImageMagick/MagickCore/type.h /home/kamil2/Libraries/ImageMagick/MagickCore/artifact.h /home/kamil2/Libraries/ImageMagick/MagickCore/attribute.h /home/kamil2/Libraries/ImageMagick/MagickCore/cache.h /home/kamil2/Libraries/ImageMagick/MagickCore/channel.h /home/kamil2/Libraries/ImageMagick/MagickCore/cipher.h /home/kamil2/Libraries/ImageMagick/MagickCore/client.h /home/kamil2/Libraries/ImageMagick/MagickCore/coder.h /home/kamil2/Libraries/ImageMagick/MagickCore/colormap.h /home/kamil2/Libraries/ImageMagick/MagickCore/compare.h /home/kamil2/Libraries/ImageMagick/MagickCore/configure.h /home/kamil2/Libraries/ImageMagick/MagickCore/constitute.h /home/kamil2/Libraries/ImageMagick/MagickCore/decorate.h /home/kamil2/Libraries/ImageMagick/MagickCore/delegate.h /home/kamil2/Libraries/ImageMagick/MagickCore/deprecate.h /home/kamil2/Libraries/ImageMagick/MagickCore/magick.h /home/kamil2/Libraries/ImageMagick/MagickCore/display.h /home/kamil2/Libraries/ImageMagick/MagickCore/distort.h /home/kamil2/Libraries/ImageMagick/MagickCore/distribute-cache.h /home/kamil2/Libraries/ImageMagick/MagickCore/enhance.h /home/kamil2/Libraries/ImageMagick/MagickCore/feature.h /home/kamil2/Libraries/ImageMagick/MagickCore/fourier.h /home/kamil2/Libraries/ImageMagick/MagickCore/fx.h /home/kamil2/Libraries/ImageMagick/MagickCore/gem.h /home/kamil2/Libraries/ImageMagick/MagickCore/random_.h /home/kamil2/Libraries/ImageMagick/MagickCore/histogram.h /home/kamil2/Libraries/ImageMagick/MagickCore/identify.h /home/kamil2/Libraries/ImageMagick/MagickCore/image-view.h /home/kamil2/Libraries/ImageMagick/MagickCore/list.h /home/kamil2/Libraries/ImageMagick/MagickCore/log.h /home/kamil2/Libraries/ImageMagick/MagickCore/magic.h /home/kamil2/Libraries/ImageMagick/MagickCore/matrix.h /home/kamil2/Libraries/ImageMagick/MagickCore/memory_.h /home/kamil2/Libraries/ImageMagick/MagickCore/module.h /home/kamil2/Libraries/ImageMagick/MagickCore/version.h /home/kamil2/Libraries/ImageMagick/MagickCore/mime.h /home/kamil2/Libraries/ImageMagick/MagickCore/montage.h /home/kamil2/Libraries/ImageMagick/MagickCore/opencl.h /home/kamil2/Libraries/ImageMagick/MagickCore/option.h /home/kamil2/Libraries/ImageMagick/MagickCore/paint.h /home/kamil2/Libraries/ImageMagick/MagickCore/pixel-accessor.h /home/kamil2/Libraries/ImageMagick/MagickCore/policy.h /home/kamil2/Libraries/ImageMagick/MagickCore/prepress.h /home/kamil2/Libraries/ImageMagick/MagickCore/property.h /home/kamil2/Libraries/ImageMagick/MagickCore/quantize.h /home/kamil2/Libraries/ImageMagick/MagickCore/registry.h /home/kamil2/Libraries/ImageMagick/MagickCore/resource_.h /home/kamil2/Libraries/ImageMagick/MagickCore/segment.h /home/kamil2/Libraries/ImageMagick/MagickCore/shear.h /home/kamil2/Libraries/ImageMagick/MagickCore/signature.h /home/kamil2/Libraries/ImageMagick/MagickCore/splay-tree.h /home/kamil2/Libraries/ImageMagick/MagickCore/static.h /home/kamil2/Libraries/ImageMagick/MagickCore/statistic.h /home/kamil2/Libraries/ImageMagick/MagickCore/token.h /home/kamil2/Libraries/ImageMagick/MagickCore/transform.h /home/kamil2/Libraries/ImageMagick/MagickCore/threshold.h /home/kamil2/Libraries/ImageMagick/MagickCore/utility.h /home/kamil2/Libraries/ImageMagick/MagickCore/vision.h /home/kamil2/Libraries/ImageMagick/MagickCore/visual-effects.h /home/kamil2/Libraries/ImageMagick/MagickCore/xml-tree.h /home/kamil2/Libraries/ImageMagick/MagickCore/xwindow.h /home/kamil2/Libraries/ImageMagick/MagickWand/MagickWand.h /home/kamil2/Libraries/ImageMagick/MagickWand/method-attribute.h /home/kamil2/Libraries/ImageMagick/MagickWand/animate.h /home/kamil2/Libraries/ImageMagick/MagickWand/compare.h /home/kamil2/Libraries/ImageMagick/MagickWand/composite.h /home/kamil2/Libraries/ImageMagick/MagickWand/conjure.h /home/kamil2/Libraries/ImageMagick/MagickWand/convert.h /home/kamil2/Libraries/ImageMagick/MagickWand/deprecate.h /home/kamil2/Libraries/ImageMagick/MagickWand/pixel-wand.h /home/kamil2/Libraries/ImageMagick/MagickWand/display.h /home/kamil2/Libraries/ImageMagick/MagickWand/drawing-wand.h /home/kamil2/Libraries/ImageMagick/MagickWand/identify.h /home/kamil2/Libraries/ImageMagick/MagickWand/import.h /home/kamil2/Libraries/ImageMagick/MagickWand/wandcli.h /home/kamil2/Libraries/ImageMagick/MagickWand/operation.h /home/kamil2/Libraries/ImageMagick/MagickWand/magick-cli.h /home/kamil2/Libraries/ImageMagick/MagickWand/magick-property.h /home/kamil2/Libraries/ImageMagick/MagickWand/magick-image.h /home/kamil2/Libraries/ImageMagick/MagickWand/mogrify.h /home/kamil2/Libraries/ImageMagick/MagickWand/montage.h /home/kamil2/Libraries/ImageMagick/MagickWand/pixel-iterator.h /home/kamil2/Libraries/ImageMagick/MagickWand/stream.h /home/kamil2/Libraries/ImageMagick/MagickWand/wand-view.h /home/kamil2/Libraries/ImageMagick/Magick++/lib/Magick++/Functions.h /home/kamil2/Libraries/ImageMagick/Magick++/lib/Magick++/Image.h /home/kamil2/Libraries/ImageMagick/Magick++/lib/Magick++/Blob.h /home/kamil2/Libraries/ImageMagick/Magick++/lib/Magick++/Color.h /home/kamil2/Libraries/ImageMagick/Magick++/lib/Magick++/Drawable.h /home/kamil2/Libraries/ImageMagick/Magick++/lib/Magick++/Geometry.h /home/kamil2/Libraries/ImageMagick/Magick++/lib/Magick++/Exception.h /home/kamil2/Libraries/ImageMagick/Magick++/lib/Magick++/Statistic.h /home/kamil2/Libraries/ImageMagick/Magick++/lib/Magick++/TypeMetric.h /home/kamil2/Libraries/ImageMagick/Magick++/lib/Magick++/Pixels.h /home/kamil2/Libraries/ImageMagick/Magick++/lib/Magick++/ResourceLimits.h /home/kamil2/Libraries/ImageMagick/Magick++/lib/Magick++/STL.h /home/kamil2/Libraries/ImageMagick/Magick++/lib/Magick++/CoderInfo.h /home/kamil2/Libraries/ImageMagick/Magick++/lib/Magick++/Montage.h
#  Implicit rule search has not been done.
#  Modification time never checked.
#  File has not been updated.

# Not a target:
/home/kamil2/Libraries/json/include/nlohmann/detail/meta/is_sax.hpp:
#  Implicit rule search has not been done.
#  Modification time never checked.
#  File has not been updated.

# Not a target:
/home/kamil2/Libraries/ImageMagick/MagickWand/display.h:
#  Implicit rule search has not been done.
#  Modification time never checked.
#  File has not been updated.

# Not a target:
/home/kamil2/Libraries/ImageMagick/MagickCore/statistic.h:
#  Implicit rule search has not been done.
#  Modification time never checked.
#  File has not been updated.

# Not a target:
/home/kamil2/Libraries/ImageMagick/MagickCore/cipher.h:
#  Implicit rule search has not been done.
#  Modification time never checked.
#  File has not been updated.

# Not a target:
/home/kamil2/Libraries/ImageMagick/Magick++/lib/Magick++/Montage.h:
#  Implicit rule search has not been done.
#  Modification time never checked.
#  File has not been updated.

# Not a target:
/home/kamil2/Libraries/ImageMagick/MagickWand/pixel-wand.h:
#  Implicit rule search has not been done.
#  Modification time never checked.
#  File has not been updated.

# Not a target:
/home/kamil2/Libraries/ImageMagick/MagickCore/string_.h:
#  Implicit rule search has not been done.
#  Modification time never checked.
#  File has not been updated.

# Not a target:
/home/kamil2/Libraries/ImageMagick/MagickWand/MagickWand.h:
#  Implicit rule search has not been done.
#  Modification time never checked.
#  File has not been updated.

# Not a target:
/home/kamil2/Libraries/ImageMagick/MagickWand/convert.h:
#  Implicit rule search has not been done.
#  Modification time never checked.
#  File has not been updated.

# Not a target:
/home/kamil2/Libraries/ImageMagick/MagickCore/configure.h:
#  Implicit rule search has not been done.
#  Modification time never checked.
#  File has not been updated.

# Not a target:
HttpServer/HttpSession.d:
#  Implicit rule search has been done.
#  Last modified 2022-01-29 21:12:16.580859613
#  File has been updated.
#  Successfully updated.

# Not a target:
/home/kamil2/Libraries/ImageMagick/MagickCore/fourier.h:
#  Implicit rule search has not been done.
#  Modification time never checked.
#  File has not been updated.

# Not a target:
/home/kamil2/Libraries/ImageMagick/MagickCore/log.h:
#  Implicit rule search has not been done.
#  Modification time never checked.
#  File has not been updated.

# files hash-table stats:
# Load=221/1024=22%, Rehash=0, Collisions=54/482=11%
# VPATH Search Paths

# No 'vpath' search paths.

# No general ('VPATH' variable) search path.

# strcache buffers: 2 (0) / strings = 265 / storage = 12201 B / avg = 46 B
# current buf: size = 8162 B / used = 4080 B / count = 66 / avg = 61 B
# other used: total = 8121 B / count = 199 / avg = 40 B
# other free: total = 41 B / max = 41 B / min = 41 B / avg = 41 B

# strcache performance: lookups = 347 / hit rate = 23%
# hash-table stats:
# Load=265/8192=3%, Rehash=0, Collisions=3/347=1%
# Finished Make data base on Wed Feb  2 18:41:23 2022

 
